# JRE version: Java(TM) SE Runtime Environment (17.0.4.1+1) (build 17.0.4.1+1-LTS-2)
# Java VM: Java HotSpot(TM) 64-Bit Server VM (17.0.4.1+1-LTS-2, mixed mode, sharing, tiered, compressed oops, compressed class ptrs, serial gc, windows-amd64)
GC Precious Log:
 CPUs: 16 total, 16 available
 Memory: 32661M
 Large Page Support: Disabled
 NUMA Support: Disabled
 Compressed Oops: Enabled (32-bit)
 Heap Min Capacity: 16M
 Heap Initial Capacity: 16M
 Heap Max Capacity: 128M
 Pre-touch: Disabled
Heap:
 def new generation   total 4928K, used 890K [0x00000000f8000000, 0x00000000f8550000, 0x00000000faaa0000)
  eden space 4416K,  17% used [0x00000000f8000000, 0x00000000f80c03d8, 0x00000000f8450000)
  from space 512K,  23% used [0x00000000f8450000, 0x00000000f846e590, 0x00000000f84d0000)
  to   space 512K,   0% used [0x00000000f84d0000, 0x00000000f84d0000, 0x00000000f8550000)
 tenured generation   total 10944K, used 10815K [0x00000000faaa0000, 0x00000000fb550000, 0x0000000100000000)
   the space 10944K,  98% used [0x00000000faaa0000, 0x00000000fb52fdc0, 0x00000000fb52fe00, 0x00000000fb550000)
 Metaspace       used 15210K, committed 15488K, reserved 98304K
  class space    used 1672K, committed 1792K, reserved 81920K
GC Heap History (20 events):
Event: 1.864 GC heap before
{Heap before GC invocations=27 (full 0):
 def new generation   total 4928K, used 4612K [0x00000000f8000000, 0x00000000f8550000, 0x00000000faaa0000)
  eden space 4416K, 100% used [0x00000000f8000000, 0x00000000f8450000, 0x00000000f8450000)
  from space 512K,  38% used [0x00000000f84d0000, 0x00000000f8501190, 0x00000000f8550000)
  to   space 512K,   0% used [0x00000000f8450000, 0x00000000f8450000, 0x00000000f84d0000)
 tenured generation   total 10944K, used 10761K [0x00000000faaa0000, 0x00000000fb550000, 0x0000000100000000)
   the space 10944K,  98% used [0x00000000faaa0000, 0x00000000fb522500, 0x00000000fb522600, 0x00000000fb550000)
 Metaspace       used 15011K, committed 15296K, reserved 98304K
  class space    used 1669K, committed 1792K, reserved 81920K
}
Event: 1.866 GC heap after
{Heap after GC invocations=28 (full 0):
 def new generation   total 4928K, used 270K [0x00000000f8000000, 0x00000000f8550000, 0x00000000faaa0000)
  eden space 4416K,   0% used [0x00000000f8000000, 0x00000000f8000000, 0x00000000f8450000)
  from space 512K,  52% used [0x00000000f8450000, 0x00000000f8493a98, 0x00000000f84d0000)
  to   space 512K,   0% used [0x00000000f84d0000, 0x00000000f84d0000, 0x00000000f8550000)
 tenured generation   total 10944K, used 10761K [0x00000000faaa0000, 0x00000000fb550000, 0x0000000100000000)
   the space 10944K,  98% used [0x00000000faaa0000, 0x00000000fb522500, 0x00000000fb522600, 0x00000000fb550000)
 Metaspace       used 15011K, committed 15296K, reserved 98304K
  class space    used 1669K, committed 1792K, reserved 81920K
}
Event: 1.945 GC heap before
{Heap before GC invocations=28 (full 0):
 def new generation   total 4928K, used 4686K [0x00000000f8000000, 0x00000000f8550000, 0x00000000faaa0000)
  eden space 4416K, 100% used [0x00000000f8000000, 0x00000000f8450000, 0x00000000f8450000)
  from space 512K,  52% used [0x00000000f8450000, 0x00000000f8493a98, 0x00000000f84d0000)
  to   space 512K,   0% used [0x00000000f84d0000, 0x00000000f84d0000, 0x00000000f8550000)
 tenured generation   total 10944K, used 10761K [0x00000000faaa0000, 0x00000000fb550000, 0x0000000100000000)
   the space 10944K,  98% used [0x00000000faaa0000, 0x00000000fb522500, 0x00000000fb522600, 0x00000000fb550000)
 Metaspace       used 15042K, committed 15360K, reserved 98304K
  class space    used 1669K, committed 1792K, reserved 81920K
}
Event: 1.946 GC heap after
{Heap after GC invocations=29 (full 0):
 def new generation   total 4928K, used 175K [0x00000000f8000000, 0x00000000f8550000, 0x00000000faaa0000)
  eden space 4416K,   0% used [0x00000000f8000000, 0x00000000f8000000, 0x00000000f8450000)
  from space 512K,  34% used [0x00000000f84d0000, 0x00000000f84fbe28, 0x00000000f8550000)
  to   space 512K,   0% used [0x00000000f8450000, 0x00000000f8450000, 0x00000000f84d0000)
 tenured generation   total 10944K, used 10814K [0x00000000faaa0000, 0x00000000fb550000, 0x0000000100000000)
   the space 10944K,  98% used [0x00000000faaa0000, 0x00000000fb52fa78, 0x00000000fb52fc00, 0x00000000fb550000)
 Metaspace       used 15042K, committed 15360K, reserved 98304K
  class space    used 1669K, committed 1792K, reserved 81920K
}
Event: 2.008 GC heap before
{Heap before GC invocations=29 (full 0):
 def new generation   total 4928K, used 4591K [0x00000000f8000000, 0x00000000f8550000, 0x00000000faaa0000)
  eden space 4416K, 100% used [0x00000000f8000000, 0x00000000f8450000, 0x00000000f8450000)
  from space 512K,  34% used [0x00000000f84d0000, 0x00000000f84fbe28, 0x00000000f8550000)
  to   space 512K,   0% used [0x00000000f8450000, 0x00000000f8450000, 0x00000000f84d0000)
 tenured generation   total 10944K, used 10814K [0x00000000faaa0000, 0x00000000fb550000, 0x0000000100000000)
   the space 10944K,  98% used [0x00000000faaa0000, 0x00000000fb52fa78, 0x00000000fb52fc00, 0x00000000fb550000)
 Metaspace       used 15083K, committed 15360K, reserved 98304K
  class space    used 1669K, committed 1792K, reserved 81920K
}
Event: 2.009 GC heap after
{Heap after GC invocations=30 (full 0):
 def new generation   total 4928K, used 149K [0x00000000f8000000, 0x00000000f8550000, 0x00000000faaa0000)
  eden space 4416K,   0% used [0x00000000f8000000, 0x00000000f8000000, 0x00000000f8450000)
  from space 512K,  29% used [0x00000000f8450000, 0x00000000f8475740, 0x00000000f84d0000)
  to   space 512K,   0% used [0x00000000f84d0000, 0x00000000f84d0000, 0x00000000f8550000)
 tenured generation   total 10944K, used 10814K [0x00000000faaa0000, 0x00000000fb550000, 0x0000000100000000)
   the space 10944K,  98% used [0x00000000faaa0000, 0x00000000fb52fa78, 0x00000000fb52fc00, 0x00000000fb550000)
 Metaspace       used 15083K, committed 15360K, reserved 98304K
  class space    used 1669K, committed 1792K, reserved 81920K
}
Event: 2.064 GC heap before
{Heap before GC invocations=30 (full 0):
 def new generation   total 4928K, used 4565K [0x00000000f8000000, 0x00000000f8550000, 0x00000000faaa0000)
  eden space 4416K, 100% used [0x00000000f8000000, 0x00000000f8450000, 0x00000000f8450000)
  from space 512K,  29% used [0x00000000f8450000, 0x00000000f8475740, 0x00000000f84d0000)
  to   space 512K,   0% used [0x00000000f84d0000, 0x00000000f84d0000, 0x00000000f8550000)
 tenured generation   total 10944K, used 10814K [0x00000000faaa0000, 0x00000000fb550000, 0x0000000100000000)
   the space 10944K,  98% used [0x00000000faaa0000, 0x00000000fb52fa78, 0x00000000fb52fc00, 0x00000000fb550000)
 Metaspace       used 15103K, committed 15360K, reserved 98304K
  class space    used 1669K, committed 1792K, reserved 81920K
}
Event: 2.066 GC heap after
{Heap after GC invocations=31 (full 0):
 def new generation   total 4928K, used 199K [0x00000000f8000000, 0x00000000f8550000, 0x00000000faaa0000)
  eden space 4416K,   0% used [0x00000000f8000000, 0x00000000f8000000, 0x00000000f8450000)
  from space 512K,  39% used [0x00000000f84d0000, 0x00000000f8501fd0, 0x00000000f8550000)
  to   space 512K,   0% used [0x00000000f8450000, 0x00000000f8450000, 0x00000000f84d0000)
 tenured generation   total 10944K, used 10814K [0x00000000faaa0000, 0x00000000fb550000, 0x0000000100000000)
   the space 10944K,  98% used [0x00000000faaa0000, 0x00000000fb52fa78, 0x00000000fb52fc00, 0x00000000fb550000)
 Metaspace       used 15103K, committed 15360K, reserved 98304K
  class space    used 1669K, committed 1792K, reserved 81920K
}
Event: 2.163 GC heap before
{Heap before GC invocations=31 (full 0):
 def new generation   total 4928K, used 4607K [0x00000000f8000000, 0x00000000f8550000, 0x00000000faaa0000)
  eden space 4416K,  99% used [0x00000000f8000000, 0x00000000f844df00, 0x00000000f8450000)
  from space 512K,  39% used [0x00000000f84d0000, 0x00000000f8501fd0, 0x00000000f8550000)
  to   space 512K,   0% used [0x00000000f8450000, 0x00000000f8450000, 0x00000000f84d0000)
 tenured generation   total 10944K, used 10814K [0x00000000faaa0000, 0x00000000fb550000, 0x0000000100000000)
   the space 10944K,  98% used [0x00000000faaa0000, 0x00000000fb52fa78, 0x00000000fb52fc00, 0x00000000fb550000)
 Metaspace       used 15121K, committed 15360K, reserved 98304K
  class space    used 1669K, committed 1792K, reserved 81920K
}
Event: 2.164 GC heap after
{Heap after GC invocations=32 (full 0):
 def new generation   total 4928K, used 159K [0x00000000f8000000, 0x00000000f8550000, 0x00000000faaa0000)
  eden space 4416K,   0% used [0x00000000f8000000, 0x00000000f8000000, 0x00000000f8450000)
  from space 512K,  31% used [0x00000000f8450000, 0x00000000f8477f60, 0x00000000f84d0000)
  to   space 512K,   0% used [0x00000000f84d0000, 0x00000000f84d0000, 0x00000000f8550000)
 tenured generation   total 10944K, used 10814K [0x00000000faaa0000, 0x00000000fb550000, 0x0000000100000000)
   the space 10944K,  98% used [0x00000000faaa0000, 0x00000000fb52fa78, 0x00000000fb52fc00, 0x00000000fb550000)
 Metaspace       used 15121K, committed 15360K, reserved 98304K
  class space    used 1669K, committed 1792K, reserved 81920K
}
Event: 2.238 GC heap before
{Heap before GC invocations=32 (full 0):
 def new generation   total 4928K, used 4575K [0x00000000f8000000, 0x00000000f8550000, 0x00000000faaa0000)
  eden space 4416K, 100% used [0x00000000f8000000, 0x00000000f8450000, 0x00000000f8450000)
  from space 512K,  31% used [0x00000000f8450000, 0x00000000f8477f60, 0x00000000f84d0000)
  to   space 512K,   0% used [0x00000000f84d0000, 0x00000000f84d0000, 0x00000000f8550000)
 tenured generation   total 10944K, used 10814K [0x00000000faaa0000, 0x00000000fb550000, 0x0000000100000000)
   the space 10944K,  98% used [0x00000000faaa0000, 0x00000000fb52fa78, 0x00000000fb52fc00, 0x00000000fb550000)
 Metaspace       used 15126K, committed 15360K, reserved 98304K
  class space    used 1669K, committed 1792K, reserved 81920K
}
Event: 2.239 GC heap after
{Heap after GC invocations=33 (full 0):
 def new generation   total 4928K, used 193K [0x00000000f8000000, 0x00000000f8550000, 0x00000000faaa0000)
  eden space 4416K,   0% used [0x00000000f8000000, 0x00000000f8000000, 0x00000000f8450000)
  from space 512K,  37% used [0x00000000f84d0000, 0x00000000f85006d0, 0x00000000f8550000)
  to   space 512K,   0% used [0x00000000f8450000, 0x00000000f8450000, 0x00000000f84d0000)
 tenured generation   total 10944K, used 10814K [0x00000000faaa0000, 0x00000000fb550000, 0x0000000100000000)
   the space 10944K,  98% used [0x00000000faaa0000, 0x00000000fb52fa78, 0x00000000fb52fc00, 0x00000000fb550000)
 Metaspace       used 15126K, committed 15360K, reserved 98304K
  class space    used 1669K, committed 1792K, reserved 81920K
}
Event: 2.331 GC heap before
{Heap before GC invocations=33 (full 0):
 def new generation   total 4928K, used 4609K [0x00000000f8000000, 0x00000000f8550000, 0x00000000faaa0000)
  eden space 4416K, 100% used [0x00000000f8000000, 0x00000000f8450000, 0x00000000f8450000)
  from space 512K,  37% used [0x00000000f84d0000, 0x00000000f85006d0, 0x00000000f8550000)
  to   space 512K,   0% used [0x00000000f8450000, 0x00000000f8450000, 0x00000000f84d0000)
 tenured generation   total 10944K, used 10814K [0x00000000faaa0000, 0x00000000fb550000, 0x0000000100000000)
   the space 10944K,  98% used [0x00000000faaa0000, 0x00000000fb52fa78, 0x00000000fb52fc00, 0x00000000fb550000)
 Metaspace       used 15160K, committed 15424K, reserved 98304K
  class space    used 1669K, committed 1792K, reserved 81920K
}
Event: 2.332 GC heap after
{Heap after GC invocations=34 (full 0):
 def new generation   total 4928K, used 76K [0x00000000f8000000, 0x00000000f8550000, 0x00000000faaa0000)
  eden space 4416K,   0% used [0x00000000f8000000, 0x00000000f8000000, 0x00000000f8450000)
  from space 512K,  15% used [0x00000000f8450000, 0x00000000f8463340, 0x00000000f84d0000)
  to   space 512K,   0% used [0x00000000f84d0000, 0x00000000f84d0000, 0x00000000f8550000)
 tenured generation   total 10944K, used 10814K [0x00000000faaa0000, 0x00000000fb550000, 0x0000000100000000)
   the space 10944K,  98% used [0x00000000faaa0000, 0x00000000fb52fa78, 0x00000000fb52fc00, 0x00000000fb550000)
 Metaspace       used 15160K, committed 15424K, reserved 98304K
  class space    used 1669K, committed 1792K, reserved 81920K
}
Event: 2.372 GC heap before
{Heap before GC invocations=34 (full 0):
 def new generation   total 4928K, used 4492K [0x00000000f8000000, 0x00000000f8550000, 0x00000000faaa0000)
  eden space 4416K, 100% used [0x00000000f8000000, 0x00000000f8450000, 0x00000000f8450000)
  from space 512K,  15% used [0x00000000f8450000, 0x00000000f8463340, 0x00000000f84d0000)
  to   space 512K,   0% used [0x00000000f84d0000, 0x00000000f84d0000, 0x00000000f8550000)
 tenured generation   total 10944K, used 10814K [0x00000000faaa0000, 0x00000000fb550000, 0x0000000100000000)
   the space 10944K,  98% used [0x00000000faaa0000, 0x00000000fb52fa78, 0x00000000fb52fc00, 0x00000000fb550000)
 Metaspace       used 15172K, committed 15424K, reserved 98304K
  class space    used 1670K, committed 1792K, reserved 81920K
}
Event: 2.373 GC heap after
{Heap after GC invocations=35 (full 0):
 def new generation   total 4928K, used 103K [0x00000000f8000000, 0x00000000f8550000, 0x00000000faaa0000)
  eden space 4416K,   0% used [0x00000000f8000000, 0x00000000f8000000, 0x00000000f8450000)
  from space 512K,  20% used [0x00000000f84d0000, 0x00000000f84e9e58, 0x00000000f8550000)
  to   space 512K,   0% used [0x00000000f8450000, 0x00000000f8450000, 0x00000000f84d0000)
 tenured generation   total 10944K, used 10814K [0x00000000faaa0000, 0x00000000fb550000, 0x0000000100000000)
   the space 10944K,  98% used [0x00000000faaa0000, 0x00000000fb52fa78, 0x00000000fb52fc00, 0x00000000fb550000)
 Metaspace       used 15172K, committed 15424K, reserved 98304K
  class space    used 1670K, committed 1792K, reserved 81920K
}
Event: 2.416 GC heap before
{Heap before GC invocations=35 (full 0):
 def new generation   total 4928K, used 4519K [0x00000000f8000000, 0x00000000f8550000, 0x00000000faaa0000)
  eden space 4416K, 100% used [0x00000000f8000000, 0x00000000f8450000, 0x00000000f8450000)
  from space 512K,  20% used [0x00000000f84d0000, 0x00000000f84e9e58, 0x00000000f8550000)
  to   space 512K,   0% used [0x00000000f8450000, 0x00000000f8450000, 0x00000000f84d0000)
 tenured generation   total 10944K, used 10814K [0x00000000faaa0000, 0x00000000fb550000, 0x0000000100000000)
   the space 10944K,  98% used [0x00000000faaa0000, 0x00000000fb52fa78, 0x00000000fb52fc00, 0x00000000fb550000)
 Metaspace       used 15187K, committed 15488K, reserved 98304K
  class space    used 1671K, committed 1792K, reserved 81920K
}
Event: 2.417 GC heap after
{Heap after GC invocations=36 (full 0):
 def new generation   total 4928K, used 129K [0x00000000f8000000, 0x00000000f8550000, 0x00000000faaa0000)
  eden space 4416K,   0% used [0x00000000f8000000, 0x00000000f8000000, 0x00000000f8450000)
  from space 512K,  25% used [0x00000000f8450000, 0x00000000f84706b0, 0x00000000f84d0000)
  to   space 512K,   0% used [0x00000000f84d0000, 0x00000000f84d0000, 0x00000000f8550000)
 tenured generation   total 10944K, used 10814K [0x00000000faaa0000, 0x00000000fb550000, 0x0000000100000000)
   the space 10944K,  98% used [0x00000000faaa0000, 0x00000000fb52faf0, 0x00000000fb52fc00, 0x00000000fb550000)
 Metaspace       used 15187K, committed 15488K, reserved 98304K
  class space    used 1671K, committed 1792K, reserved 81920K
}
Event: 2.446 GC heap before
{Heap before GC invocations=36 (full 0):
 def new generation   total 4928K, used 4545K [0x00000000f8000000, 0x00000000f8550000, 0x00000000faaa0000)
  eden space 4416K, 100% used [0x00000000f8000000, 0x00000000f8450000, 0x00000000f8450000)
  from space 512K,  25% used [0x00000000f8450000, 0x00000000f84706b0, 0x00000000f84d0000)
  to   space 512K,   0% used [0x00000000f84d0000, 0x00000000f84d0000, 0x00000000f8550000)
 tenured generation   total 10944K, used 10814K [0x00000000faaa0000, 0x00000000fb550000, 0x0000000100000000)
   the space 10944K,  98% used [0x00000000faaa0000, 0x00000000fb52faf0, 0x00000000fb52fc00, 0x00000000fb550000)
 Metaspace       used 15191K, committed 15488K, reserved 98304K
  class space    used 1671K, committed 1792K, reserved 81920K
}
Event: 2.447 GC heap after
{Heap after GC invocations=37 (full 0):
 def new generation   total 4928K, used 159K [0x00000000f8000000, 0x00000000f8550000, 0x00000000faaa0000)
  eden space 4416K,   0% used [0x00000000f8000000, 0x00000000f8000000, 0x00000000f8450000)
  from space 512K,  31% used [0x00000000f84d0000, 0x00000000f84f7ed0, 0x00000000f8550000)
  to   space 512K,   0% used [0x00000000f8450000, 0x00000000f8450000, 0x00000000f84d0000)
 tenured generation   total 10944K, used 10815K [0x00000000faaa0000, 0x00000000fb550000, 0x0000000100000000)
   the space 10944K,  98% used [0x00000000faaa0000, 0x00000000fb52fd18, 0x00000000fb52fe00, 0x00000000fb550000)
 Metaspace       used 15191K, committed 15488K, reserved 98304K
  class space    used 1671K, committed 1792K, reserved 81920K
}

